Copyright 1986-2022 Xilinx, Inc. All Rights Reserved.
------------------------------------------------------------------------------------
| Tool Version : Vivado v.2022.2 (win64) Build 3671981 Fri Oct 14 05:00:03 MDT 2022
| Date         : Mon Oct 27 23:34:16 2025
| Host         : Matrix running 64-bit major release  (build 9200)
| Command      : upgrade_ip
| Device       : xc7a200tfbg676-1
------------------------------------------------------------------------------------

Upgrade Log for IP 'clk_pll'

1. Summary
----------

CAUTION (success, with warnings) in the upgrade of clk_pll (xilinx.com:ip:clk_wiz:6.0) from (Rev. 4) to (Rev. 11)

After upgrade, an IP may have parameter and port differences compared to the original customization. Please review the parameters within the IP customization GUI to ensure proper functionality. Also, please review the updated IP instantiation template to ensure proper connectivity, and update your design if required.

2. Interface Information
------------------------

Detected external interface differences while upgrading 'clk_pll'.


-Upgrade has removed interface 'CLOCK_CLK_IN1'

-Upgrade has removed interface 'CLOCK_CLK_OUT1'

-Upgrade has removed interface 'CLOCK_CLK_OUT2'


3. Connection Warnings
----------------------

Detected external port differences while upgrading 'clk_pll'. These changes may impact your design.


-Upgrade has removed port 'reset'

-Upgrade has added port 'clk_in1'

-Upgrade has added port 'cpu_clk'

-Upgrade has added port 'timer_clk'


